1.2
2.3
3.4
4.5
5.6
6.7
7.8
8.9
9.10
10.11
11.12
12.13
13.14
14.15
15.16
16.17
17.18
18.19
19.20
20.3
21.0
22.0
23.0
24.0
25.0
26.0
27.0
28.0
29.0
30.0
31.0
32.0
33.0
34.0
35.0
36.0
37.0
38.0
39.0
40.0
41.0
42.0
43.0
44.0
45.0
46.0
47.0
48.0
49.0
50.0
51.0
52.0
53.0
54.0
55.0
56.11667280
57.0
58.256
59.0
60.11667288
61.0
62.8
63.0
64.11670448
65.0
66.19458214
67.32766
68.4202784
69.0
70.0
71.0
72.0
73.0
74.4202784
75.0
76.0
77.0
78.0
79.0
80.8
81.0
82.4203793
83.0
84.4202784
85.0
86.49
87.0
88.11670368
89.0
90.1
91.0
92.-1
93.-1
94.1
95.0
96.1
97.0
98.4203817
99.0
100.4225576
